Setup started: Tue Apr 21 10:20:40 AM IST 2026
[1/7] Checking prerequisites...
  Found: Python 3.12.3
  Found: v22.19.0
  Found: MySQL OK
mysql: [Warning] Using a password on the command line interface can be insecure.
status
Database setup complete! All tables, procedures, and seed data loaded.
note
Default password for ALL users: password123
status
Views created successfully.
Requirement already satisfied: pip in ./venv/lib/python3.12/site-packages (24.0)
Collecting pip
  Downloading pip-26.0.1-py3-none-any.whl.metadata (4.7 kB)
Downloading pip-26.0.1-py3-none-any.whl (1.8 MB)
   ━━━━━━━━━━━━━━━━━━━━━━━━━━━━━━━━━━━━━━━━ 1.8/1.8 MB 2.0 MB/s eta 0:00:00
Installing collected packages: pip
  Attempting uninstall: pip
    Found existing installation: pip 24.0
    Uninstalling pip-24.0:
      Successfully uninstalled pip-24.0
Successfully installed pip-26.0.1
Collecting fastapi==0.111.0 (from -r requirements.txt (line 1))
  Downloading fastapi-0.111.0-py3-none-any.whl.metadata (25 kB)
Collecting uvicorn==0.30.1 (from uvicorn[standard]==0.30.1->-r requirements.txt (line 2))
  Downloading uvicorn-0.30.1-py3-none-any.whl.metadata (6.3 kB)
Collecting pymysql==1.1.1 (from -r requirements.txt (line 3))
  Downloading PyMySQL-1.1.1-py3-none-any.whl.metadata (4.4 kB)
Collecting python-jose==3.3.0 (from python-jose[cryptography]==3.3.0->-r requirements.txt (line 4))
  Downloading python_jose-3.3.0-py2.py3-none-any.whl.metadata (5.4 kB)
Collecting passlib==1.7.4 (from passlib[bcrypt]==1.7.4->-r requirements.txt (line 5))
  Downloading passlib-1.7.4-py2.py3-none-any.whl.metadata (1.7 kB)
Collecting python-multipart==0.0.9 (from -r requirements.txt (line 6))
  Downloading python_multipart-0.0.9-py3-none-any.whl.metadata (2.5 kB)
Collecting pydantic==2.7.1 (from -r requirements.txt (line 7))
  Downloading pydantic-2.7.1-py3-none-any.whl.metadata (107 kB)
Collecting pydantic-settings==2.3.0 (from -r requirements.txt (line 8))
  Downloading pydantic_settings-2.3.0-py3-none-any.whl.metadata (3.3 kB)
Collecting python-dotenv==1.0.1 (from -r requirements.txt (line 9))
  Downloading python_dotenv-1.0.1-py3-none-any.whl.metadata (23 kB)
Collecting cryptography==42.0.8 (from -r requirements.txt (line 10))
  Downloading cryptography-42.0.8-cp39-abi3-manylinux_2_28_x86_64.whl.metadata (5.3 kB)
Collecting starlette<0.38.0,>=0.37.2 (from fastapi==0.111.0->-r requirements.txt (line 1))
  Downloading starlette-0.37.2-py3-none-any.whl.metadata (5.9 kB)
Collecting typing-extensions>=4.8.0 (from fastapi==0.111.0->-r requirements.txt (line 1))
  Using cached typing_extensions-4.15.0-py3-none-any.whl.metadata (3.3 kB)
Collecting fastapi-cli>=0.0.2 (from fastapi==0.111.0->-r requirements.txt (line 1))
  Downloading fastapi_cli-0.0.24-py3-none-any.whl.metadata (6.4 kB)
Collecting httpx>=0.23.0 (from fastapi==0.111.0->-r requirements.txt (line 1))
  Downloading httpx-0.28.1-py3-none-any.whl.metadata (7.1 kB)
Collecting jinja2>=2.11.2 (from fastapi==0.111.0->-r requirements.txt (line 1))
  Using cached jinja2-3.1.6-py3-none-any.whl.metadata (2.9 kB)
Collecting ujson!=4.0.2,!=4.1.0,!=4.2.0,!=4.3.0,!=5.0.0,!=5.1.0,>=4.0.1 (from fastapi==0.111.0->-r requirements.txt (line 1))
  Downloading ujson-5.12.0-cp312-cp312-manylinux_2_24_x86_64.manylinux_2_28_x86_64.whl.metadata (9.6 kB)
Collecting orjson>=3.2.1 (from fastapi==0.111.0->-r requirements.txt (line 1))
  Downloading orjson-3.11.8-cp312-cp312-manylinux_2_17_x86_64.manylinux2014_x86_64.whl.metadata (41 kB)
Collecting email_validator>=2.0.0 (from fastapi==0.111.0->-r requirements.txt (line 1))
  Downloading email_validator-2.3.0-py3-none-any.whl.metadata (26 kB)
Collecting annotated-types>=0.4.0 (from pydantic==2.7.1->-r requirements.txt (line 7))
  Using cached annotated_types-0.7.0-py3-none-any.whl.metadata (15 kB)
Collecting pydantic-core==2.18.2 (from pydantic==2.7.1->-r requirements.txt (line 7))
  Downloading pydantic_core-2.18.2-cp312-cp312-manylinux_2_17_x86_64.manylinux2014_x86_64.whl.metadata (6.5 kB)
Collecting click>=7.0 (from uvicorn==0.30.1->uvicorn[standard]==0.30.1->-r requirements.txt (line 2))
  Using cached click-8.3.2-py3-none-any.whl.metadata (2.6 kB)
Collecting h11>=0.8 (from uvicorn==0.30.1->uvicorn[standard]==0.30.1->-r requirements.txt (line 2))
  Using cached h11-0.16.0-py3-none-any.whl.metadata (8.3 kB)
Collecting ecdsa!=0.15 (from python-jose==3.3.0->python-jose[cryptography]==3.3.0->-r requirements.txt (line 4))
  Downloading ecdsa-0.19.2-py2.py3-none-any.whl.metadata (29 kB)
Collecting rsa (from python-jose==3.3.0->python-jose[cryptography]==3.3.0->-r requirements.txt (line 4))
  Downloading rsa-4.9.1-py3-none-any.whl.metadata (5.6 kB)
Collecting pyasn1 (from python-jose==3.3.0->python-jose[cryptography]==3.3.0->-r requirements.txt (line 4))
  Downloading pyasn1-0.6.3-py3-none-any.whl.metadata (8.4 kB)
Collecting cffi>=1.12 (from cryptography==42.0.8->-r requirements.txt (line 10))
  Using cached cffi-2.0.0-cp312-cp312-manylinux2014_x86_64.manylinux_2_17_x86_64.whl.metadata (2.6 kB)
Collecting bcrypt>=3.1.0 (from passlib[bcrypt]==1.7.4->-r requirements.txt (line 5))
  Downloading bcrypt-5.0.0-cp39-abi3-manylinux_2_34_x86_64.whl.metadata (10 kB)
Collecting httptools>=0.5.0 (from uvicorn[standard]==0.30.1->-r requirements.txt (line 2))
  Downloading httptools-0.7.1-cp312-cp312-manylinux1_x86_64.manylinux_2_28_x86_64.manylinux_2_5_x86_64.whl.metadata (3.5 kB)
Collecting pyyaml>=5.1 (from uvicorn[standard]==0.30.1->-r requirements.txt (line 2))
  Downloading pyyaml-6.0.3-cp312-cp312-manylinux2014_x86_64.manylinux_2_17_x86_64.manylinux_2_28_x86_64.whl.metadata (2.4 kB)
Collecting uvloop!=0.15.0,!=0.15.1,>=0.14.0 (from uvicorn[standard]==0.30.1->-r requirements.txt (line 2))
  Downloading uvloop-0.22.1-cp312-cp312-manylinux2014_x86_64.manylinux_2_17_x86_64.manylinux_2_28_x86_64.whl.metadata (4.9 kB)
Collecting watchfiles>=0.13 (from uvicorn[standard]==0.30.1->-r requirements.txt (line 2))
  Downloading watchfiles-1.1.1-cp312-cp312-manylinux_2_17_x86_64.manylinux2014_x86_64.whl.metadata (4.9 kB)
Collecting websockets>=10.4 (from uvicorn[standard]==0.30.1->-r requirements.txt (line 2))
  Downloading websockets-16.0-cp312-cp312-manylinux1_x86_64.manylinux_2_28_x86_64.manylinux_2_5_x86_64.whl.metadata (6.8 kB)
Collecting anyio<5,>=3.4.0 (from starlette<0.38.0,>=0.37.2->fastapi==0.111.0->-r requirements.txt (line 1))
  Downloading anyio-4.13.0-py3-none-any.whl.metadata (4.5 kB)
Collecting idna>=2.8 (from anyio<5,>=3.4.0->starlette<0.38.0,>=0.37.2->fastapi==0.111.0->-r requirements.txt (line 1))
  Using cached idna-3.11-py3-none-any.whl.metadata (8.4 kB)
Collecting pycparser (from cffi>=1.12->cryptography==42.0.8->-r requirements.txt (line 10))
  Downloading pycparser-3.0-py3-none-any.whl.metadata (8.2 kB)
Collecting six>=1.9.0 (from ecdsa!=0.15->python-jose==3.3.0->python-jose[cryptography]==3.3.0->-r requirements.txt (line 4))
  Using cached six-1.17.0-py2.py3-none-any.whl.metadata (1.7 kB)
Collecting dnspython>=2.0.0 (from email_validator>=2.0.0->fastapi==0.111.0->-r requirements.txt (line 1))
  Downloading dnspython-2.8.0-py3-none-any.whl.metadata (5.7 kB)
Collecting typer>=0.16.0 (from fastapi-cli>=0.0.2->fastapi==0.111.0->-r requirements.txt (line 1))
  Downloading typer-0.24.1-py3-none-any.whl.metadata (16 kB)
Collecting rich-toolkit>=0.14.8 (from fastapi-cli>=0.0.2->fastapi==0.111.0->-r requirements.txt (line 1))
  Downloading rich_toolkit-0.19.7-py3-none-any.whl.metadata (1.0 kB)
Collecting certifi (from httpx>=0.23.0->fastapi==0.111.0->-r requirements.txt (line 1))
  Using cached certifi-2026.2.25-py3-none-any.whl.metadata (2.5 kB)
Collecting httpcore==1.* (from httpx>=0.23.0->fastapi==0.111.0->-r requirements.txt (line 1))
  Downloading httpcore-1.0.9-py3-none-any.whl.metadata (21 kB)
Collecting MarkupSafe>=2.0 (from jinja2>=2.11.2->fastapi==0.111.0->-r requirements.txt (line 1))
  Using cached markupsafe-3.0.3-cp312-cp312-manylinux2014_x86_64.manylinux_2_17_x86_64.manylinux_2_28_x86_64.whl.metadata (2.7 kB)
Collecting rich>=13.7.1 (from rich-toolkit>=0.14.8->fastapi-cli>=0.0.2->fastapi==0.111.0->-r requirements.txt (line 1))
  Downloading rich-15.0.0-py3-none-any.whl.metadata (18 kB)
Collecting markdown-it-py>=2.2.0 (from rich>=13.7.1->rich-toolkit>=0.14.8->fastapi-cli>=0.0.2->fastapi==0.111.0->-r requirements.txt (line 1))
  Downloading markdown_it_py-4.0.0-py3-none-any.whl.metadata (7.3 kB)
Collecting pygments<3.0.0,>=2.13.0 (from rich>=13.7.1->rich-toolkit>=0.14.8->fastapi-cli>=0.0.2->fastapi==0.111.0->-r requirements.txt (line 1))
  Downloading pygments-2.20.0-py3-none-any.whl.metadata (2.5 kB)
Collecting mdurl~=0.1 (from markdown-it-py>=2.2.0->rich>=13.7.1->rich-toolkit>=0.14.8->fastapi-cli>=0.0.2->fastapi==0.111.0->-r requirements.txt (line 1))
  Downloading mdurl-0.1.2-py3-none-any.whl.metadata (1.6 kB)
Collecting shellingham>=1.3.0 (from typer>=0.16.0->fastapi-cli>=0.0.2->fastapi==0.111.0->-r requirements.txt (line 1))
  Downloading shellingham-1.5.4-py2.py3-none-any.whl.metadata (3.5 kB)
Collecting annotated-doc>=0.0.2 (from typer>=0.16.0->fastapi-cli>=0.0.2->fastapi==0.111.0->-r requirements.txt (line 1))
  Downloading annotated_doc-0.0.4-py3-none-any.whl.metadata (6.6 kB)
Downloading fastapi-0.111.0-py3-none-any.whl (91 kB)
Downloading pydantic-2.7.1-py3-none-any.whl (409 kB)
Downloading uvicorn-0.30.1-py3-none-any.whl (62 kB)
Downloading PyMySQL-1.1.1-py3-none-any.whl (44 kB)
Downloading python_jose-3.3.0-py2.py3-none-any.whl (33 kB)
Downloading passlib-1.7.4-py2.py3-none-any.whl (525 kB)
   ━━━━━━━━━━━━━━━━━━━━━ 525.6/525.6 kB 228.9 kB/s  0:00:02
Downloading python_multipart-0.0.9-py3-none-any.whl (22 kB)
Downloading pydantic_settings-2.3.0-py3-none-any.whl (21 kB)
Downloading python_dotenv-1.0.1-py3-none-any.whl (19 kB)
Downloading cryptography-42.0.8-cp39-abi3-manylinux_2_28_x86_64.whl (3.9 MB)
   ━━━━━━━━━━━━━━━━━━━━━━━━━━━━━━━━━━━━━━━━ 3.9/3.9 MB 396.8 kB/s  0:00:10
Downloading pydantic_core-2.18.2-cp312-cp312-manylinux_2_17_x86_64.manylinux2014_x86_64.whl (2.1 MB)
   ━━━━━━━━━━━━━━━━━━━━━━━━━━━━━━━━━━━━━━━━ 2.1/2.1 MB 545.0 kB/s  0:00:04
Downloading starlette-0.37.2-py3-none-any.whl (71 kB)
Downloading anyio-4.13.0-py3-none-any.whl (114 kB)
Using cached annotated_types-0.7.0-py3-none-any.whl (13 kB)
Downloading bcrypt-5.0.0-cp39-abi3-manylinux_2_34_x86_64.whl (278 kB)
Using cached cffi-2.0.0-cp312-cp312-manylinux2014_x86_64.manylinux_2_17_x86_64.whl (219 kB)
Using cached click-8.3.2-py3-none-any.whl (108 kB)
Downloading ecdsa-0.19.2-py2.py3-none-any.whl (150 kB)
Downloading email_validator-2.3.0-py3-none-any.whl (35 kB)
Downloading dnspython-2.8.0-py3-none-any.whl (331 kB)
Downloading fastapi_cli-0.0.24-py3-none-any.whl (12 kB)
Using cached h11-0.16.0-py3-none-any.whl (37 kB)
Downloading httptools-0.7.1-cp312-cp312-manylinux1_x86_64.manylinux_2_28_x86_64.manylinux_2_5_x86_64.whl (517 kB)
Downloading httpx-0.28.1-py3-none-any.whl (73 kB)
Downloading httpcore-1.0.9-py3-none-any.whl (78 kB)
Using cached idna-3.11-py3-none-any.whl (71 kB)
Using cached jinja2-3.1.6-py3-none-any.whl (134 kB)
Using cached markupsafe-3.0.3-cp312-cp312-manylinux2014_x86_64.manylinux_2_17_x86_64.manylinux_2_28_x86_64.whl (22 kB)
Downloading orjson-3.11.8-cp312-cp312-manylinux_2_17_x86_64.manylinux2014_x86_64.whl (133 kB)
Downloading pyyaml-6.0.3-cp312-cp312-manylinux2014_x86_64.manylinux_2_17_x86_64.manylinux_2_28_x86_64.whl (807 kB)
   ━━━━━━━━━━━━━━━━━━━━━━━━━━━━━━━━━━━━━━━━ 807.9/807.9 kB 378.3 kB/s  0:00:02
Downloading rich_toolkit-0.19.7-py3-none-any.whl (32 kB)
Downloading rich-15.0.0-py3-none-any.whl (310 kB)
Downloading pygments-2.20.0-py3-none-any.whl (1.2 MB)
   ━━━━━━━━━━━━━━━━━━━━━━━━━━━━━━━━━━━━━━━━ 1.2/1.2 MB 399.1 kB/s  0:00:03
Downloading markdown_it_py-4.0.0-py3-none-any.whl (87 kB)
Downloading mdurl-0.1.2-py3-none-any.whl (10.0 kB)
Using cached six-1.17.0-py2.py3-none-any.whl (11 kB)
Downloading typer-0.24.1-py3-none-any.whl (56 kB)
Downloading annotated_doc-0.0.4-py3-none-any.whl (5.3 kB)
Downloading shellingham-1.5.4-py2.py3-none-any.whl (9.8 kB)
Using cached typing_extensions-4.15.0-py3-none-any.whl (44 kB)
Downloading ujson-5.12.0-cp312-cp312-manylinux_2_24_x86_64.manylinux_2_28_x86_64.whl (57 kB)
Downloading uvloop-0.22.1-cp312-cp312-manylinux2014_x86_64.manylinux_2_17_x86_64.manylinux_2_28_x86_64.whl (4.4 MB)
   ━━━━━━━━━━━━━━━━━━━━━━━━━━━━━━━━━━━━━━━━ 4.4/4.4 MB 320.4 kB/s  0:00:13
Downloading watchfiles-1.1.1-cp312-cp312-manylinux_2_17_x86_64.manylinux2014_x86_64.whl (456 kB)
Downloading websockets-16.0-cp312-cp312-manylinux1_x86_64.manylinux_2_28_x86_64.manylinux_2_5_x86_64.whl (184 kB)
Using cached certifi-2026.2.25-py3-none-any.whl (153 kB)
Downloading pyasn1-0.6.3-py3-none-any.whl (83 kB)
Downloading pycparser-3.0-py3-none-any.whl (48 kB)
Downloading rsa-4.9.1-py3-none-any.whl (34 kB)
Installing collected packages: passlib, websockets, uvloop, ujson, typing-extensions, six, shellingham, pyyaml, python-multipart, python-dotenv, pymysql, pygments, pycparser, pyasn1, orjson, mdurl, MarkupSafe, idna, httptools, h11, dnspython, click, certifi, bcrypt, annotated-types, annotated-doc, uvicorn, rsa, pydantic-core, markdown-it-py, jinja2, httpcore, email_validator, ecdsa, cffi, anyio, watchfiles, starlette, rich, python-jose, pydantic, httpx, cryptography, typer, rich-toolkit, pydantic-settings, fastapi-cli, fastapi

Successfully installed MarkupSafe-3.0.3 annotated-doc-0.0.4 annotated-types-0.7.0 anyio-4.13.0 bcrypt-5.0.0 certifi-2026.2.25 cffi-2.0.0 click-8.3.2 cryptography-42.0.8 dnspython-2.8.0 ecdsa-0.19.2 email_validator-2.3.0 fastapi-0.111.0 fastapi-cli-0.0.24 h11-0.16.0 httpcore-1.0.9 httptools-0.7.1 httpx-0.28.1 idna-3.11 jinja2-3.1.6 markdown-it-py-4.0.0 mdurl-0.1.2 orjson-3.11.8 passlib-1.7.4 pyasn1-0.6.3 pycparser-3.0 pydantic-2.7.1 pydantic-core-2.18.2 pydantic-settings-2.3.0 pygments-2.20.0 pymysql-1.1.1 python-dotenv-1.0.1 python-jose-3.3.0 python-multipart-0.0.9 pyyaml-6.0.3 rich-15.0.0 rich-toolkit-0.19.7 rsa-4.9.1 shellingham-1.5.4 six-1.17.0 starlette-0.37.2 typer-0.24.1 typing-extensions-4.15.0 ujson-5.12.0 uvicorn-0.30.1 uvloop-0.22.1 watchfiles-1.1.1 websockets-16.0

up to date, audited 1344 packages in 8s

268 packages are looking for funding
  run `npm fund` for details

26 vulnerabilities (9 low, 3 moderate, 14 high)

To address issues that do not require attention, run:
  npm audit fix

To address all issues (including breaking changes), run:
  npm audit fix --force

Run `npm audit` for details.

up to date, audited 1344 packages in 2s

268 packages are looking for funding
  run `npm fund` for details

26 vulnerabilities (9 low, 3 moderate, 14 high)

To address issues that do not require attention, run:
  npm audit fix

To address all issues (including breaking changes), run:
  npm audit fix --force

Run `npm audit` for details.
Setup completed: Tue Apr 21 10:22:15 AM IST 2026
